<?xml version="1.0" encoding="UTF-8"?>
<testng-results ignored="0" total="1" passed="1" failed="0" skipped="0">
  <reporter-output>
  </reporter-output>
  <suite started-at="2021-05-05T21:14:09 EDT" name="Default suite" finished-at="2021-05-05T21:14:22 EDT" duration-ms="13009">
    <groups>
    </groups>
    <test started-at="2021-05-05T21:14:09 EDT" name="Default test" finished-at="2021-05-05T21:14:22 EDT" duration-ms="13009">
      <class name="Demo.Test1">
        <test-method is-config="true" signature="setUp()[pri:0, instance:Demo.Test1@5ba3f27a]" started-at="2021-05-05T21:14:09 EDT" name="setUp" finished-at="2021-05-05T21:14:12 EDT" duration-ms="2800" status="PASS">
          <reporter-output>
          </reporter-output>
        </test-method> <!-- setUp -->
        <test-method signature="test1()[pri:0, instance:Demo.Test1@5ba3f27a]" started-at="2021-05-05T21:14:12 EDT" name="test1" finished-at="2021-05-05T21:14:21 EDT" duration-ms="9266" status="PASS">
          <reporter-output>
          </reporter-output>
        </test-method> <!-- test1 -->
        <test-method is-config="true" signature="tearDown()[pri:0, instance:Demo.Test1@5ba3f27a]" started-at="2021-05-05T21:14:21 EDT" name="tearDown" finished-at="2021-05-05T21:14:22 EDT" duration-ms="871" status="PASS">
          <reporter-output>
          </reporter-output>
        </test-method> <!-- tearDown -->
      </class> <!-- Demo.Test1 -->
    </test> <!-- Default test -->
  </suite> <!-- Default suite -->
</testng-results>
