<?xml version="1.0" encoding="UTF-8"?>
<!-- Generated by org.testng.reporters.JUnitXMLReporter -->
<testsuite ignored="0" hostname="LAPTOP-CHRKM7BS" failures="1" tests="9" name="Test" time="15.047" errors="0" timestamp="2021-05-05T18:25:01 EDT">
  <testcase classname="listeners.TestNGListenerDemo" name="test1" time="0.018"/>
  <testcase classname="listeners.TestNGListenerDemo" name="test2" time="0.073">
    <failure type="junit.framework.AssertionFailedError">
      <![CDATA[junit.framework.AssertionFailedError
at junit.framework.Assert.fail(Assert.java:55)
at junit.framework.Assert.assertTrue(Assert.java:22)
at junit.framework.Assert.assertTrue(Assert.java:31)
at listeners.TestNGListenerDemo.test2(TestNGListenerDemo.java:21)
at java.base/java.util.ArrayList.forEach(ArrayList.java:1511)
... Removed 27 stack frames]]>
    </failure>
  </testcase> <!-- test2 -->
  <testcase classname="listeners.TestNGListenerDemo" name="test3" time="0.007">
    <skipped/>
  </testcase> <!-- test3 -->
  <testcase classname="listeners.TestNGListenerDemo2" name="test4" time="0.007"/>
  <testcase classname="listeners.TestNGListenerDemo2" name="test5" time="0.008"/>
  <testcase classname="listeners.TestNGListenerDemo2" name="test6" time="0.005">
    <skipped/>
  </testcase> <!-- test6 -->
  <testcase classname="listeners.TestNGListenerDemo3_Seleniumexample" name="test7" time="0.006"/>
  <testcase classname="listeners.TestNGListenerDemo3_Seleniumexample" name="test8" time="14.734"/>
  <testcase classname="listeners.TestNGListenerDemo3_Seleniumexample" name="test9" time="0.003">
    <skipped/>
  </testcase> <!-- test9 -->
</testsuite> <!-- Test -->
